<?xml version="1.0" encoding="UTF-8"?>
<robot generator="Robot 5.0.1 (Python 3.10.7 on win32)" generated="20230514 18:25:19.551" rpa="false" schemaversion="3">
<suite id="s1" name="TestedeComponentes" source="C:\Users\carol\Desktop\JigadeTestes\Tests\TestedeComponentes.robot">
<test id="s1-t1" name="Caso de teste para componentes eletronicos" line="21">
<kw name="Obtendo o esquematico de ligacao entre o DAQ e o componente a ser testado" type="SETUP">
<kw name="Retorne o esquemático de ligação do componente com o DAQ" library="componentesDigitais">
<arg>${componenteEscolhido}</arg>
<kw name="Set Global Variable" library="BuiltIn">
<arg>${NomedoComponente}</arg>
<doc>Makes a variable available globally in all tests and suites.</doc>
<msg timestamp="20230514 18:25:22.668" level="INFO">${NomedoComponente} = 74HC08</msg>
<status status="PASS" starttime="20230514 18:25:22.668" endtime="20230514 18:25:22.668"/>
</kw>
<kw name="Return Esquematico De Ligacao" library="testedeComponentes">
<var>&amp;{esquematico}</var>
<arg>${NomedoComponente}</arg>
<msg timestamp="20230514 18:25:25.293" level="INFO">tem o esquematico {'nomeDocomponente': 'AND', 'portaLogica': '74HC08', 'Numero do pino do DAQ(p0_0):44': 'Numero do pino do componente para entrada de sinal:1', 'Numero do pino do DAQ(p0_1):45': 'Numero do pino do componente para entrada de sinal:2', 'Numero do pino do DAQ(p0_2):46': 'Numero do pino do componente para entrada de sinal:4', 'Numero do pino do DAQ(p0_3):47': 'Numero do pino do componente para entrada de sinal:5', 'Numero do pino do DAQ(p0_4):50': 'Numero do pino do componente para entrada de sinal:9', 'Numero do pino do DAQ(p0_5):51': 'Numero do pino do componente para entrada de sinal:10', 'Numero do pino do DAQ(p0_6):52': 'Numero do pino do componente para entrada de sinal:12', 'Numero do pino do DAQ(p0_7):53': 'Numero do pino do componente para entrada de sinal:13', 'Numero do pino do DAQ(p0_8):55': 'Numero do pino do componente para saida de sinal:3', 'Numero do pino do DAQ(p0_10):57': 'Numero do pino do componente para saida de sinal:6', 'Numero do pino do DAQ(p0_12):60': 'Numero do pino do componente para saida de sinal:8', 'Numero do pino do DAQ(p0_14):62': 'Numero do pino do componente para saida de sinal:11', 'Numero do pino do DAQ para alimentacao(+5V):42 ou 10': 'Numero do pino do componente para alimentacao de5:14', 'Numero do pino GND do DAQ(DGND):64': 'Numero do pino do componente para de GND0:7'}
tipo do esquematico &lt;class 'dict'&gt;</msg>
<msg timestamp="20230514 18:25:25.295" level="INFO">&amp;{esquematico} = { nomeDocomponente=AND | portaLogica=74HC08 | Numero do pino do DAQ(p0_0):44=Numero do pino do componente para entrada de sinal:1 | Numero do pino do DAQ(p0_1):45=Numero do pino do componente para ent...</msg>
<status status="PASS" starttime="20230514 18:25:22.668" endtime="20230514 18:25:25.295"/>
</kw>
<kw name="Log To Console" library="BuiltIn">
<arg>${esquematico}</arg>
<doc>Logs the given message to the console.</doc>
<status status="PASS" starttime="20230514 18:25:25.295" endtime="20230514 18:25:25.300"/>
</kw>
<kw name="Set Global Variable" library="BuiltIn">
<arg>&amp;{esquematico}</arg>
<doc>Makes a variable available globally in all tests and suites.</doc>
<msg timestamp="20230514 18:25:25.304" level="INFO">&amp;{esquematico} = { nomeDocomponente=AND | portaLogica=74HC08 | Numero do pino do DAQ(p0_0):44=Numero do pino do componente para entrada de sinal:1 | Numero do pino do DAQ(p0_1):45=Numero do pino do componente para ent...</msg>
<status status="PASS" starttime="20230514 18:25:25.301" endtime="20230514 18:25:25.304"/>
</kw>
<status status="PASS" starttime="20230514 18:25:22.667" endtime="20230514 18:25:25.304"/>
</kw>
<kw name="Sleep" library="BuiltIn">
<arg>${tempoDeEspera}</arg>
<doc>Pauses the test executed for the given time.</doc>
<msg timestamp="20230514 18:30:25.306" level="INFO">Slept 5 minutes</msg>
<status status="PASS" starttime="20230514 18:25:25.304" endtime="20230514 18:30:25.306"/>
</kw>
<status status="PASS" starttime="20230514 18:25:22.667" endtime="20230514 18:30:25.307"/>
</kw>
<kw name="Dado que o DAQ esteja conectado a porta USB" library="componentesDigitais">
<kw name="Check Device Connected" library="testedeComponentes">
<var>${deviceConnected}</var>
<msg timestamp="20230514 18:30:27.888" level="INFO">${deviceConnected} = False</msg>
<status status="PASS" starttime="20230514 18:30:25.309" endtime="20230514 18:30:27.888"/>
</kw>
<kw name="Should Be True" library="BuiltIn">
<arg>${deviceConnected}</arg>
<doc>Fails if the given condition is not true.</doc>
<msg timestamp="20230514 18:30:27.889" level="FAIL">'False' should be true.</msg>
<status status="FAIL" starttime="20230514 18:30:27.888" endtime="20230514 18:30:27.889"/>
</kw>
<kw name="Log To Console" library="BuiltIn">
<arg>${deviceConnected}</arg>
<doc>Logs the given message to the console.</doc>
<status status="NOT RUN" starttime="20230514 18:30:27.889" endtime="20230514 18:30:27.889"/>
</kw>
<status status="FAIL" starttime="20230514 18:30:25.308" endtime="20230514 18:30:27.890"/>
</kw>
<kw name="Quando for realizado o teste do componente escolhido" library="componentesDigitais">
<status status="NOT RUN" starttime="20230514 18:30:27.890" endtime="20230514 18:30:27.891"/>
</kw>
<kw name="Entao verifique que o componente esta funcionando" library="componentesDigitais">
<status status="NOT RUN" starttime="20230514 18:30:27.891" endtime="20230514 18:30:27.891"/>
</kw>
<doc>Caso de Testes de CI's escolhidos pelo usuário</doc>
<status status="FAIL" starttime="20230514 18:25:22.666" endtime="20230514 18:30:27.892">'False' should be true.</status>
</test>
<status status="FAIL" starttime="20230514 18:25:19.553" endtime="20230514 18:30:27.895"/>
</suite>
<statistics>
<total>
<stat pass="0" fail="1" skip="0">All Tests</stat>
</total>
<tag>
</tag>
<suite>
<stat pass="0" fail="1" skip="0" id="s1" name="TestedeComponentes">TestedeComponentes</stat>
</suite>
</statistics>
<errors>
</errors>
</robot>
