<?xml version="1.0" encoding="UTF-8"?>
<robot generator="Robot 6.0.2 (Python 3.10.7 on win32)" generated="20230519 19:16:59.553" rpa="false" schemaversion="3">
<suite id="s1" name="TestedeComponentes" source="C:\Users\carol\Desktop\JigadeTestes\Tests\TestedeComponentes.robot">
<test id="s1-t1" name="Caso de teste para componentes eletronicos" line="21">
<kw name="Obtendo o esquematico de ligacao entre o DAQ e o componente a ser testado" type="SETUP">
<kw name="Retorne o esquemático de ligação do componente com o DAQ" library="componentesDigitais">
<arg>${componenteEscolhido}</arg>
<kw name="Set Global Variable" library="BuiltIn">
<arg>${NomedoComponente}</arg>
<doc>Makes a variable available globally in all tests and suites.</doc>
<msg timestamp="20230519 19:17:00.704" level="INFO">${NomedoComponente} = 74HC08</msg>
<status status="PASS" starttime="20230519 19:17:00.703" endtime="20230519 19:17:00.704"/>
</kw>
<kw name="Return Esquematico De Ligacao" library="testedeComponentes">
<var>&amp;{esquematico}</var>
<arg>${NomedoComponente}</arg>
<msg timestamp="20230519 19:17:02.568" level="INFO">componente values dict_values(['AND'])
olha o type ai &lt;class 'dict'&gt;
tem o esquematico {'nomeDocomponente': '74HC08', 'tipoDeComponente': 'AND', 'Numero do pino do DAQ(p0_0):44': 'Numero do pino do componente para entrada de sinal:1', 'Numero do pino do DAQ(p0_1):45': 'Numero do pino do componente para entrada de sinal:2', 'Numero do pino do DAQ(p0_2):46': 'Numero do pino do componente para entrada de sinal:4', 'Numero do pino do DAQ(p0_3):47': 'Numero do pino do componente para entrada de sinal:5', 'Numero do pino do DAQ(p0_4):50': 'Numero do pino do componente para entrada de sinal:9', 'Numero do pino do DAQ(p0_5):51': 'Numero do pino do componente para entrada de sinal:10', 'Numero do pino do DAQ(p0_6):52': 'Numero do pino do componente para entrada de sinal:12', 'Numero do pino do DAQ(p0_7):53': 'Numero do pino do componente para entrada de sinal:13', 'Numero do pino do DAQ(p0_8):55': 'Numero do pino do componente para saida de sinal:3', 'Numero do pino do DAQ(p0_10):57': 'Numero do pino do componente para saida de sinal:6', 'Numero do pino do DAQ(p0_12):60': 'Numero do pino do componente para saida de sinal:8', 'Numero do pino do DAQ(p0_14):62': 'Numero do pino do componente para saida de sinal:11', 'Numero do pino do DAQ para alimentacao(+5V):42 ou 10': 'Numero do pino do componente para alimentacao de5:14', 'Numero do pino GND do DAQ(DGND):64': 'Numero do pino do componente para de GND0:7'}
tipo do esquematico &lt;class 'dict'&gt;</msg>
<msg timestamp="20230519 19:17:02.569" level="INFO">&amp;{esquematico} = { nomeDocomponente=74HC08 | tipoDeComponente=AND | Numero do pino do DAQ(p0_0):44=Numero do pino do componente para entrada de sinal:1 | Numero do pino do DAQ(p0_1):45=Numero do pino do componente par...</msg>
<status status="PASS" starttime="20230519 19:17:00.704" endtime="20230519 19:17:02.569"/>
</kw>
<kw name="Log To Console" library="BuiltIn">
<arg>${esquematico}</arg>
<doc>Logs the given message to the console.</doc>
<status status="PASS" starttime="20230519 19:17:02.569" endtime="20230519 19:17:02.572"/>
</kw>
<kw name="Set Global Variable" library="BuiltIn">
<arg>&amp;{esquematico}</arg>
<doc>Makes a variable available globally in all tests and suites.</doc>
<msg timestamp="20230519 19:17:02.573" level="INFO">&amp;{esquematico} = { nomeDocomponente=74HC08 | tipoDeComponente=AND | Numero do pino do DAQ(p0_0):44=Numero do pino do componente para entrada de sinal:1 | Numero do pino do DAQ(p0_1):45=Numero do pino do componente par...</msg>
<status status="PASS" starttime="20230519 19:17:02.572" endtime="20230519 19:17:02.573"/>
</kw>
<status status="PASS" starttime="20230519 19:17:00.701" endtime="20230519 19:17:02.574"/>
</kw>
<status status="PASS" starttime="20230519 19:17:00.701" endtime="20230519 19:17:02.574"/>
</kw>
<kw name="Dado que o DAQ esteja conectado a porta USB" library="componentesDigitais">
<kw name="Check Device Connected" library="testedeComponentes">
<var>${deviceConnected}</var>
<msg timestamp="20230519 19:17:02.670" level="INFO">entrouuu
device Device(name=Dev1)
Device Name: Dev1, Product Type: USB-6212
Input channels: ['Dev1/ai0', 'Dev1/ai1', 'Dev1/ai2', 'Dev1/ai3', 'Dev1/ai4', 'Dev1/ai5', 'Dev1/ai6', 'Dev1/ai7', 'Dev1/ai8', 'Dev1/ai9', 'Dev1/ai10', 'Dev1/ai11', 'Dev1/ai12', 'Dev1/ai13', 'Dev1/ai14', 'Dev1/ai15']
Output channels: ['Dev1/ao0', 'Dev1/ao1']</msg>
<msg timestamp="20230519 19:17:02.670" level="INFO">${deviceConnected} = True</msg>
<status status="PASS" starttime="20230519 19:17:02.575" endtime="20230519 19:17:02.670"/>
</kw>
<kw name="Should Be True" library="BuiltIn">
<arg>${deviceConnected}</arg>
<doc>Fails if the given condition is not true.</doc>
<status status="PASS" starttime="20230519 19:17:02.670" endtime="20230519 19:17:02.670"/>
</kw>
<kw name="Log To Console" library="BuiltIn">
<arg>${deviceConnected}</arg>
<doc>Logs the given message to the console.</doc>
<status status="PASS" starttime="20230519 19:17:02.670" endtime="20230519 19:17:02.671"/>
</kw>
<status status="PASS" starttime="20230519 19:17:02.574" endtime="20230519 19:17:02.671"/>
</kw>
<kw name="Quando for realizado o teste do componente escolhido" library="componentesDigitais">
<kw name="Make The Test For Component" library="testedeComponentes">
<var>@{results}</var>
<arg>${esquematico}</arg>
<msg timestamp="20230519 19:19:45.054" level="INFO">é o recorddd {'_id': ObjectId('63741a88dd01631beca327fd'), 'componente': 'AND', 'case1': {'entrada1': 1, 'entrada2': 1, 'saida': 1}, 'case2': {'entrada1': 1, 'entrada2': 0, 'saida': 0}, 'case3': {'entrada1': 0, 'entrada2': 1, 'saida': 0}, 'case4': {'entrada1': 0, 'entrada2': 0, 'saida': 0}}
esse é o componentNam2e AND
N Lines 1 Sample Boolean Write (Error Expected): 
2
N Lines 1 Sample Boolean Write (Error Expected): 
2
N Lines 1 Sample Boolean Write (Error Expected): 
2
N Lines 1 Sample Boolean Write (Error Expected): 
2
N Lines 1 Sample Boolean Write (Error Expected): 
2
N Lines 1 Sample Boolean Write (Error Expected): 
2
N Lines 1 Sample Boolean Write (Error Expected): 
2
N Lines 1 Sample Boolean Write (Error Expected): 
2
N Lines 1 Sample Boolean Write (Error Expected): 
2
N Lines 1 Sample Boolean Write (Error Expected): 
2
N Lines 1 Sample Boolean Write (Error Expected): 
2
N Lines 1 Sample Boolean Write (Error Expected): 
2
N Lines 1 Sample Boolean Write (Error Expected): 
2
N Lines 1 Sample Boolean Write (Error Expected): 
2
N Lines 1 Sample Boolean Write (Error Expected): 
2
N Lines 1 Sample Boolean Write (Error Expected): 
2</msg>
<msg timestamp="20230519 19:19:45.057" level="INFO">@{results} = [ [[True]] | [[False]] | [[True]] | [[False]] | [[True]] | [[True]] | [[True]] | [[True]] | [[False]] | [[True]] | [[True]] | [[True]] | [[True]] | [[True]] | [[True]] | [[True]] ]</msg>
<status status="PASS" starttime="20230519 19:17:02.672" endtime="20230519 19:19:45.057"/>
</kw>
<kw name="Set Global Variable" library="BuiltIn">
<arg>@{results}</arg>
<doc>Makes a variable available globally in all tests and suites.</doc>
<msg timestamp="20230519 19:19:45.059" level="INFO">@{results} = [ [[True]] | [[False]] | [[True]] | [[False]] | [[True]] | [[True]] | [[True]] | [[True]] | [[False]] | [[True]] | [[True]] | [[True]] | [[True]] | [[True]] | [[True]] | [[True]] ]</msg>
<status status="PASS" starttime="20230519 19:19:45.058" endtime="20230519 19:19:45.060"/>
</kw>
<status status="PASS" starttime="20230519 19:17:02.671" endtime="20230519 19:19:45.060"/>
</kw>
<kw name="Entao verifique que o componente esta funcionando" library="componentesDigitais">
<kw name="Check Results" library="testedeComponentes">
<var>${endResult}</var>
<arg>${results}</arg>
<msg timestamp="20230519 19:19:45.064" level="INFO">valor de x True
valor de x False
valor de x True
valor de x False
valor de x True
valor de x True
valor de x True
valor de x True
valor de x False
valor de x True
valor de x True
valor de x True
valor de x True
valor de x True
valor de x True
valor de x True
resultado final [True, False, True, False, True, True, True, True, False, True, True, True, True, True, True, True]</msg>
<msg timestamp="20230519 19:19:45.064" level="INFO">${endResult} = False</msg>
<status status="PASS" starttime="20230519 19:19:45.063" endtime="20230519 19:19:45.064"/>
</kw>
<kw name="Should Be True" library="BuiltIn">
<arg>${endResult}</arg>
<doc>Fails if the given condition is not true.</doc>
<msg timestamp="20230519 19:19:45.065" level="FAIL">'False' should be true.</msg>
<status status="FAIL" starttime="20230519 19:19:45.065" endtime="20230519 19:19:45.066"/>
</kw>
<if>
<branch type="IF" condition="${endResult}">
<kw name="Log" library="BuiltIn">
<arg>Testes Funcionaram</arg>
<doc>Logs the given message with the given level.</doc>
<status status="NOT RUN" starttime="20230519 19:19:45.067" endtime="20230519 19:19:45.067"/>
</kw>
<status status="NOT RUN" starttime="20230519 19:19:45.066" endtime="20230519 19:19:45.067"/>
</branch>
<status status="NOT RUN" starttime="20230519 19:19:45.066" endtime="20230519 19:19:45.067"/>
</if>
<status status="FAIL" starttime="20230519 19:19:45.061" endtime="20230519 19:19:45.067"/>
</kw>
<doc>Caso de Testes de CI's escolhidos pelo usuário</doc>
<status status="FAIL" starttime="20230519 19:17:00.696" endtime="20230519 19:19:45.068">'False' should be true.</status>
</test>
<status status="FAIL" starttime="20230519 19:16:59.553" endtime="20230519 19:19:45.070"/>
</suite>
<statistics>
<total>
<stat pass="0" fail="1" skip="0">All Tests</stat>
</total>
<tag>
</tag>
<suite>
<stat pass="0" fail="1" skip="0" id="s1" name="TestedeComponentes">TestedeComponentes</stat>
</suite>
</statistics>
<errors>
</errors>
</robot>
